[debug] [2019-12-23T17:37:16.395Z] ----------------------------------------------------------------------
[debug] [2019-12-23T17:37:16.397Z] Command:       C:\Program Files\nodejs\node.exe C:\Users\DELL\AppData\Roaming\npm\node_modules\firebase-tools\lib\bin\firebase.js serve
[debug] [2019-12-23T17:37:16.398Z] CLI Version:   7.11.0
[debug] [2019-12-23T17:37:16.398Z] Platform:      win32
[debug] [2019-12-23T17:37:16.398Z] Node Version:  v10.16.0
[debug] [2019-12-23T17:37:16.399Z] Time:          Mon Dec 23 2019 23:07:16 GMT+0530 (India Standard Time)
[debug] [2019-12-23T17:37:16.399Z] ----------------------------------------------------------------------
[debug] [2019-12-23T17:37:16.399Z] 
[debug] [2019-12-23T17:37:16.412Z] > command requires scopes: ["email","openid","https://www.googleapis.com/auth/cloudplatformprojects.readonly","https://www.googleapis.com/auth/firebase","https://www.googleapis.com/auth/cloud-platform"]
[debug] [2019-12-23T17:37:16.413Z] > authorizing via signed-in user
[debug] [2019-12-23T17:37:16.413Z] [iam] checking project intern-63d82 for permissions ["firebase.projects.get"]
[debug] [2019-12-23T17:37:16.416Z] >>> HTTP REQUEST POST https://cloudresourcemanager.googleapis.com/v1/projects/intern-63d82:testIamPermissions  

[debug] [2019-12-23T17:37:17.887Z] <<< HTTP RESPONSE 200
[debug] [2019-12-23T17:37:17.889Z] >>> HTTP REQUEST GET https://firebase.googleapis.com/v1beta1/projects/intern-63d82  
 
[debug] [2019-12-23T17:37:18.283Z] <<< HTTP RESPONSE 200
[info] 
[info] === Serving from 'C:\Users\DELL\Desktop\Intern'...
[info] 
[debug] [2019-12-23T17:37:18.301Z] >>> HTTP REQUEST GET https://firebase.googleapis.com/v1beta1/projects/intern-63d82/webApps/-/config  
 
[debug] [2019-12-23T17:37:19.203Z] <<< HTTP RESPONSE 200
[info] i  hosting: Serving hosting files from: public
[info] +  hosting: Local server: http://localhost:5000
